# JRE version: OpenJDK Runtime Environment JBR-17.0.8+7-1000.8-nomod (17.0.8+7) (build 17.0.8+7-b1000.8)
# Java VM: OpenJDK 64-Bit Server VM JBR-17.0.8+7-1000.8-nomod (17.0.8+7-b1000.8, mixed mode, emulated-client, tiered, compressed oops, compressed class ptrs, g1 gc, windows-amd64)
GC Precious Log:
 CPUs: 8 total, 8 available
 Memory: 7883M
 Large Page Support: Disabled
 NUMA Support: Disabled
 Compressed Oops: Enabled (32-bit)
 Heap Region Size: 1M
 Heap Min Capacity: 8M
 Heap Initial Capacity: 124M
 Heap Max Capacity: 1972M
 Pre-touch: Disabled
 Parallel Workers: 8
 Concurrent Workers: 2
 Concurrent Refinement Workers: 8
 Periodic GC: Disabled
Heap:
 garbage-first heap   total 76800K, used 50253K [0x0000000084c00000, 0x0000000100000000)
  region size 1024K, 5 young (5120K), 2 survivors (2048K)
 Metaspace       used 74751K, committed 75264K, reserved 1114112K
  class space    used 10628K, committed 10880K, reserved 1048576K
GC Heap History (20 events):
Event: 22.146 GC heap before
{Heap before GC invocations=32 (full 0):
 garbage-first heap   total 68608K, used 56209K [0x0000000084c00000, 0x0000000100000000)
  region size 1024K, 19 young (19456K), 1 survivors (1024K)
 Metaspace       used 65588K, committed 66048K, reserved 1114112K
  class space    used 9047K, committed 9280K, reserved 1048576K
}
Event: 22.148 GC heap after
{Heap after GC invocations=33 (full 0):
 garbage-first heap   total 68608K, used 38442K [0x0000000084c00000, 0x0000000100000000)
  region size 1024K, 2 young (2048K), 2 survivors (2048K)
 Metaspace       used 65588K, committed 66048K, reserved 1114112K
  class space    used 9047K, committed 9280K, reserved 1048576K
}
Event: 22.703 GC heap before
{Heap before GC invocations=33 (full 0):
 garbage-first heap   total 68608K, used 55850K [0x0000000084c00000, 0x0000000100000000)
  region size 1024K, 19 young (19456K), 2 survivors (2048K)
 Metaspace       used 65751K, committed 66304K, reserved 1114112K
  class space    used 9070K, committed 9344K, reserved 1048576K
}
Event: 22.705 GC heap after
{Heap after GC invocations=34 (full 0):
 garbage-first heap   total 68608K, used 38645K [0x0000000084c00000, 0x0000000100000000)
  region size 1024K, 2 young (2048K), 2 survivors (2048K)
 Metaspace       used 65751K, committed 66304K, reserved 1114112K
  class space    used 9070K, committed 9344K, reserved 1048576K
}
Event: 23.363 GC heap before
{Heap before GC invocations=35 (full 0):
 garbage-first heap   total 68608K, used 57077K [0x0000000084c00000, 0x0000000100000000)
  region size 1024K, 20 young (20480K), 2 survivors (2048K)
 Metaspace       used 67590K, committed 68096K, reserved 1114112K
  class space    used 9346K, committed 9600K, reserved 1048576K
}
Event: 23.365 GC heap after
{Heap after GC invocations=36 (full 0):
 garbage-first heap   total 68608K, used 39113K [0x0000000084c00000, 0x0000000100000000)
  region size 1024K, 3 young (3072K), 3 survivors (3072K)
 Metaspace       used 67590K, committed 68096K, reserved 1114112K
  class space    used 9346K, committed 9600K, reserved 1048576K
}
Event: 23.894 GC heap before
{Heap before GC invocations=36 (full 0):
 garbage-first heap   total 68608K, used 56521K [0x0000000084c00000, 0x0000000100000000)
  region size 1024K, 20 young (20480K), 3 survivors (3072K)
 Metaspace       used 70559K, committed 71040K, reserved 1114112K
  class space    used 9746K, committed 9984K, reserved 1048576K
}
Event: 23.898 GC heap after
{Heap after GC invocations=37 (full 0):
 garbage-first heap   total 68608K, used 41066K [0x0000000084c00000, 0x0000000100000000)
  region size 1024K, 3 young (3072K), 3 survivors (3072K)
 Metaspace       used 70559K, committed 71040K, reserved 1114112K
  class space    used 9746K, committed 9984K, reserved 1048576K
}
Event: 24.259 GC heap before
{Heap before GC invocations=38 (full 0):
 garbage-first heap   total 73728K, used 55402K [0x0000000084c00000, 0x0000000100000000)
  region size 1024K, 17 young (17408K), 3 survivors (3072K)
 Metaspace       used 71218K, committed 71808K, reserved 1114112K
  class space    used 9905K, committed 10176K, reserved 1048576K
}
Event: 24.263 GC heap after
{Heap after GC invocations=39 (full 0):
 garbage-first heap   total 73728K, used 43041K [0x0000000084c00000, 0x0000000100000000)
  region size 1024K, 2 young (2048K), 2 survivors (2048K)
 Metaspace       used 71218K, committed 71808K, reserved 1114112K
  class space    used 9905K, committed 10176K, reserved 1048576K
}
Event: 24.280 GC heap before
{Heap before GC invocations=39 (full 0):
 garbage-first heap   total 73728K, used 44065K [0x0000000084c00000, 0x0000000100000000)
  region size 1024K, 3 young (3072K), 2 survivors (2048K)
 Metaspace       used 71218K, committed 71808K, reserved 1114112K
  class space    used 9905K, committed 10176K, reserved 1048576K
}
Event: 24.282 GC heap after
{Heap after GC invocations=40 (full 0):
 garbage-first heap   total 73728K, used 42721K [0x0000000084c00000, 0x0000000100000000)
  region size 1024K, 1 young (1024K), 1 survivors (1024K)
 Metaspace       used 71218K, committed 71808K, reserved 1114112K
  class space    used 9905K, committed 10176K, reserved 1048576K
}
Event: 24.718 GC heap before
{Heap before GC invocations=40 (full 0):
 garbage-first heap   total 73728K, used 59105K [0x0000000084c00000, 0x0000000100000000)
  region size 1024K, 17 young (17408K), 1 survivors (1024K)
 Metaspace       used 73081K, committed 73600K, reserved 1114112K
  class space    used 10270K, committed 10496K, reserved 1048576K
}
Event: 24.720 GC heap after
{Heap after GC invocations=41 (full 0):
 garbage-first heap   total 73728K, used 43638K [0x0000000084c00000, 0x0000000100000000)
  region size 1024K, 2 young (2048K), 2 survivors (2048K)
 Metaspace       used 73081K, committed 73600K, reserved 1114112K
  class space    used 10270K, committed 10496K, reserved 1048576K
}
Event: 25.299 GC heap before
{Heap before GC invocations=42 (full 0):
 garbage-first heap   total 76800K, used 60022K [0x0000000084c00000, 0x0000000100000000)
  region size 1024K, 18 young (18432K), 2 survivors (2048K)
 Metaspace       used 73092K, committed 73600K, reserved 1114112K
  class space    used 10271K, committed 10496K, reserved 1048576K
}
Event: 25.301 GC heap after
{Heap after GC invocations=43 (full 0):
 garbage-first heap   total 76800K, used 44159K [0x0000000084c00000, 0x0000000100000000)
  region size 1024K, 2 young (2048K), 2 survivors (2048K)
 Metaspace       used 73092K, committed 73600K, reserved 1114112K
  class space    used 10271K, committed 10496K, reserved 1048576K
}
Event: 25.831 GC heap before
{Heap before GC invocations=43 (full 0):
 garbage-first heap   total 76800K, used 62591K [0x0000000084c00000, 0x0000000100000000)
  region size 1024K, 21 young (21504K), 2 survivors (2048K)
 Metaspace       used 74739K, committed 75264K, reserved 1114112K
  class space    used 10628K, committed 10880K, reserved 1048576K
}
Event: 25.835 GC heap after
{Heap after GC invocations=44 (full 0):
 garbage-first heap   total 76800K, used 46915K [0x0000000084c00000, 0x0000000100000000)
  region size 1024K, 3 young (3072K), 3 survivors (3072K)
 Metaspace       used 74739K, committed 75264K, reserved 1114112K
  class space    used 10628K, committed 10880K, reserved 1048576K
}
Event: 26.363 GC heap before
{Heap before GC invocations=44 (full 0):
 garbage-first heap   total 76800K, used 63299K [0x0000000084c00000, 0x0000000100000000)
  region size 1024K, 19 young (19456K), 3 survivors (3072K)
 Metaspace       used 74751K, committed 75264K, reserved 1114112K
  class space    used 10628K, committed 10880K, reserved 1048576K
}
Event: 26.366 GC heap after
{Heap after GC invocations=45 (full 0):
 garbage-first heap   total 76800K, used 48205K [0x0000000084c00000, 0x0000000100000000)
  region size 1024K, 2 young (2048K), 2 survivors (2048K)
 Metaspace       used 74751K, committed 75264K, reserved 1114112K
  class space    used 10628K, committed 10880K, reserved 1048576K
}

